Arguments: 
  /Users/diandi/.nvm/versions/node/v8.6.0/bin/node /Users/diandi/.yarn/bin/yarn.js i -h

PATH: 
  /Users/diandi/.yarn/bin:/Users/diandi/.config/yarn/global/node_modules/.bin:/Users/diandi/code/android_sdk/tools/bin:/Users/diandi/code/android_sdk/platform-tools:/Users/diandi/code/go/bin:/Users/diandi/.nvm/versions/node/v8.6.0/bin:/usr/local/bin:/usr/bin:/bin:/usr/sbin:/sbin:/usr/local/go/bin:/Users/diandi/.yarn/bin:/Users/diandi/.config/yarn/global/node_modules/.bin:/Users/diandi/code/android_sdk/tools/bin:/Users/diandi/code/android_sdk/platform-tools:/Users/diandi/code/go/bin

Yarn version: 
  1.5.1

Node version: 
  8.6.0

Platform: 
  darwin x64

npm manifest: 
  {
    "name": "ddot",
    "version": "0.0.2",
    "description": "",
    "unpkg": "dist/index.min.js",
    "jsdelivr": "dist/index.min.js",
    "main": "dist/index.common.js",
    "module": "lib/index.js",
    "jsnext:main": "lib/index.js",
    "typings": "lib/index.d.ts",
    "scripts": {
      "lint": "tslint \"src/**/*.ts\" --force",
      "clean": "rimraf dist lib",
      "build:ts": "tsc -p tsconfig.prod.json",
      "build:rollup": "rollup -c",
      "build": "npm run clean && run-p build:**",
      "test": "karma start",
      "prepublishOnly": "npm run test && npm run build"
    },
    "repository": {
      "type": "git",
      "url": "git+https://github.com/Jetsly/ddot.git"
    },
    "keywords": [
      "ddot",
      "tools",
      "is",
      "lo"
    ],
    "author": "jetsly@live.cn",
    "license": "MIT",
    "bugs": {
      "url": "https://github.com/Jetsly/ddot/issues"
    },
    "homepage": "https://github.com/Jetsly/ddot#readme",
    "devDependencies": {
      "@types/chai": "^4.0.10",
      "@types/mocha": "^2.2.44",
      "@types/node": "^8.5.1",
      "chai": "^4.1.2",
      "karma": "^1.7.1",
      "karma-chai": "^0.1.0",
      "karma-chrome-launcher": "^2.2.0",
      "karma-coverage": "^1.1.1",
      "karma-coveralls": "^1.1.2",
      "karma-mocha": "^1.3.0",
      "karma-mocha-reporter": "^2.2.5",
      "karma-typescript": "^3.0.8",
      "mocha": "^4.0.1",
      "npm-run-all": "^4.1.2",
      "rimraf": "^2.6.2",
      "rollup": "^0.52.1",
      "rollup-plugin-typescript": "^0.8.1",
      "rollup-plugin-uglify": "^2.0.1",
      "tslint": "^5.8.0",
      "tslint-config-standard": "^7.0.0",
      "typescript": "^2.6.2"
    }
  }

yarn manifest: 
  No manifest

Lockfile: 
  No lockfile

Trace: 
  Error: Command "i" not found.
      at new MessageError (/Users/diandi/.yarn/lib/cli.js:186:110)
      at /Users/diandi/.yarn/lib/cli.js:87307:17
      at Generator.next (<anonymous>)
      at step (/Users/diandi/.yarn/lib/cli.js:98:30)
      at /Users/diandi/.yarn/lib/cli.js:116:14
      at Promise (<anonymous>)
      at F (/Users/diandi/.yarn/lib/cli.js:23451:28)
      at /Users/diandi/.yarn/lib/cli.js:95:12
      at runCommand (/Users/diandi/.yarn/lib/cli.js:87312:22)
      at Object.<anonymous> (/Users/diandi/.yarn/lib/cli.js:87412:14)
